<?xml version="1.0" encoding="UTF-8"?>
<testng-results ignored="0" total="3" passed="3" failed="0" skipped="0">
  <reporter-output>
    <line>
      <![CDATA[actiTIME - Login]]>
    </line>
    <line>
      <![CDATA[https://demo.actitime.com/login.do]]>
    </line>
    <line>
      <![CDATA[actiTIME - Login]]>
    </line>
    <line>
      <![CDATA[https://demo.actitime.com/login.do]]>
    </line>
    <line>
      <![CDATA[actiTIME - Login]]>
    </line>
    <line>
      <![CDATA[https://demo.actitime.com/login.do]]>
    </line>
  </reporter-output>
  <suite started-at="2022-11-01T14:59:43 IST" name="Suite" finished-at="2022-11-01T15:00:05 IST" duration-ms="21971">
    <groups>
    </groups>
    <test started-at="2022-11-01T14:59:43 IST" name="Test1" finished-at="2022-11-01T15:00:02 IST" duration-ms="18603">
      <class name="testng.Parallel">
        <test-method signature="tc1(java.lang.String)[pri:0, instance:testng.Parallel@1184ab05]" started-at="2022-11-01T14:59:43 IST" name="tc1" finished-at="2022-11-01T15:00:02 IST" duration-ms="18539" status="PASS">
          <params>
            <param index="0">
              <value>
                <![CDATA[chrome]]>
              </value>
            </param>
          </params>
          <reporter-output>
            <line>
              <![CDATA[actiTIME - Login]]>
            </line>
            <line>
              <![CDATA[https://demo.actitime.com/login.do]]>
            </line>
          </reporter-output>
        </test-method> <!-- tc1 -->
      </class> <!-- testng.Parallel -->
    </test> <!-- Test1 -->
    <test started-at="2022-11-01T14:59:43 IST" name="Test3" finished-at="2022-11-01T15:00:04 IST" duration-ms="20750">
      <class name="testng.Parallel">
        <test-method signature="tc1(java.lang.String)[pri:0, instance:testng.Parallel@3d74bf60]" started-at="2022-11-01T14:59:43 IST" name="tc1" finished-at="2022-11-01T15:00:04 IST" duration-ms="20699" status="PASS">
          <params>
            <param index="0">
              <value>
                <![CDATA[chrome]]>
              </value>
            </param>
          </params>
          <reporter-output>
            <line>
              <![CDATA[actiTIME - Login]]>
            </line>
            <line>
              <![CDATA[https://demo.actitime.com/login.do]]>
            </line>
          </reporter-output>
        </test-method> <!-- tc1 -->
      </class> <!-- testng.Parallel -->
    </test> <!-- Test3 -->
    <test started-at="2022-11-01T14:59:43 IST" name="Test2" finished-at="2022-11-01T15:00:05 IST" duration-ms="21971">
      <class name="testng.Parallel">
        <test-method signature="tc1(java.lang.String)[pri:0, instance:testng.Parallel@4ac3c60d]" started-at="2022-11-01T14:59:43 IST" name="tc1" finished-at="2022-11-01T15:00:05 IST" duration-ms="21919" status="PASS">
          <params>
            <param index="0">
              <value>
                <![CDATA[chrome]]>
              </value>
            </param>
          </params>
          <reporter-output>
            <line>
              <![CDATA[actiTIME - Login]]>
            </line>
            <line>
              <![CDATA[https://demo.actitime.com/login.do]]>
            </line>
          </reporter-output>
        </test-method> <!-- tc1 -->
      </class> <!-- testng.Parallel -->
    </test> <!-- Test2 -->
  </suite> <!-- Suite -->
</testng-results>
